2021-09-26 15:56:15,877 Currently Processing File Data/335984.csv
2021-09-26 15:56:15,884 Match Start  335984
2021-09-26 15:56:15,945 Result of  match - 335984 is added
2021-09-26 15:56:15,945 Match is Ended - 335984
2021-09-26 15:56:15,945 Currently Processing File Data/335986.csv
2021-09-26 15:56:15,951 Match Start  335986
2021-09-26 15:56:16,028 Result of  match - 335986 is added
2021-09-26 15:56:16,028 Match is Ended - 335986
2021-09-26 15:56:16,029 Currently Processing File Data/335985.csv
2021-09-26 15:56:16,035 Match Start  335985
2021-09-26 15:56:16,095 Result of  match - 335985 is added
2021-09-26 15:56:16,095 Match is Ended - 335985
2021-09-26 15:56:16,095 Currently Processing File Data/335982.csv
2021-09-26 15:56:16,101 Match Start  335982
2021-09-26 15:56:16,162 Result of  match - 335982 is added
2021-09-26 15:56:16,162 Match is Ended - 335982
2021-09-26 15:56:16,162 Currently Processing File Data/335983.csv
2021-09-26 15:56:16,169 Match Start  335983
2021-09-26 15:56:16,229 Result of  match - 335983 is added
2021-09-26 15:56:16,229 Match is Ended - 335983
Match is Ended - 335983
